2017-07-27 08:41:20 [restartedMain] INFO  c.i.app.SpringBootLoggerApplication - Starting SpringBootLoggerApplication on SudhaKishan with PID 5260 (C:\SpringBootWorkSpace\SpringBootLoggerWithLogback\target\classes started by SudhaVerma in C:\SpringBootWorkSpace\SpringBootLoggerWithLogback)
2017-07-27 08:41:20 [restartedMain] DEBUG c.i.app.SpringBootLoggerApplication - Running with Spring Boot v1.5.4.RELEASE, Spring v4.3.9.RELEASE
2017-07-27 08:41:20 [restartedMain] INFO  c.i.app.SpringBootLoggerApplication - No active profile set, falling back to default profiles: default
2017-07-27 08:41:41 [restartedMain] INFO  c.i.app.SpringBootLoggerApplication - Starting SpringBootLoggerApplication on SudhaKishan with PID 9184 (C:\SpringBootWorkSpace\SpringBootLoggerWithLogback\target\classes started by SudhaVerma in C:\SpringBootWorkSpace\SpringBootLoggerWithLogback)
2017-07-27 08:41:41 [restartedMain] DEBUG c.i.app.SpringBootLoggerApplication - Running with Spring Boot v1.5.4.RELEASE, Spring v4.3.9.RELEASE
2017-07-27 08:41:41 [restartedMain] INFO  c.i.app.SpringBootLoggerApplication - No active profile set, falling back to default profiles: default
2017-07-27 08:41:47 [restartedMain] INFO  c.i.app.SpringBootLoggerApplication - Started SpringBootLoggerApplication in 6.346 seconds (JVM running for 7.33)
2017-07-27 08:41:47 [restartedMain] ERROR c.i.app.SpringBootLoggerApplication - Message logged at ERROR level
2017-07-27 08:41:47 [restartedMain] WARN  c.i.app.SpringBootLoggerApplication - Message logged at WARN level
2017-07-27 08:41:47 [restartedMain] INFO  c.i.app.SpringBootLoggerApplication - Message logged at INFO level
2017-07-27 08:41:47 [restartedMain] DEBUG c.i.app.SpringBootLoggerApplication - Message logged at DEBUG level
2017-07-27 08:44:21 [restartedMain] INFO  c.i.app.SpringBootLoggerApplication - Starting SpringBootLoggerApplication on SudhaKishan with PID 9184 (C:\SpringBootWorkSpace\SpringBootLoggerWithLogback\target\classes started by SudhaVerma in C:\SpringBootWorkSpace\SpringBootLoggerWithLogback)
2017-07-27 08:44:21 [restartedMain] DEBUG c.i.app.SpringBootLoggerApplication - Running with Spring Boot v1.5.4.RELEASE, Spring v4.3.9.RELEASE
2017-07-27 08:44:21 [restartedMain] INFO  c.i.app.SpringBootLoggerApplication - No active profile set, falling back to default profiles: default
2017-07-27 08:44:22 [restartedMain] INFO  c.i.app.SpringBootLoggerApplication - Started SpringBootLoggerApplication in 1.632 seconds (JVM running for 162.736)
2017-07-27 08:44:22 [restartedMain] ERROR c.i.app.SpringBootLoggerApplication - Message logged at ERROR level
2017-07-27 08:44:22 [restartedMain] WARN  c.i.app.SpringBootLoggerApplication - Message logged at WARN level
2017-07-27 08:44:22 [restartedMain] INFO  c.i.app.SpringBootLoggerApplication - Message logged at INFO level
2017-07-27 08:44:22 [restartedMain] DEBUG c.i.app.SpringBootLoggerApplication - Message logged at DEBUG level
2017-07-27 08:50:32 [restartedMain] INFO  c.i.app.SpringBootLoggerApplication - Starting SpringBootLoggerApplication on SudhaKishan with PID 9184 (C:\SpringBootWorkSpace\SpringBootLoggerWithLogback\target\classes started by SudhaVerma in C:\SpringBootWorkSpace\SpringBootLoggerWithLogback)
2017-07-27 08:50:32 [restartedMain] DEBUG c.i.app.SpringBootLoggerApplication - Running with Spring Boot v1.5.4.RELEASE, Spring v4.3.9.RELEASE
2017-07-27 08:50:32 [restartedMain] INFO  c.i.app.SpringBootLoggerApplication - No active profile set, falling back to default profiles: default
2017-07-27 08:50:34 [restartedMain] INFO  c.i.app.SpringBootLoggerApplication - Started SpringBootLoggerApplication in 1.403 seconds (JVM running for 534.193)
2017-07-27 08:50:34 [restartedMain] ERROR c.i.app.SpringBootLoggerApplication - Message logged at ERROR level
2017-07-27 08:50:34 [restartedMain] WARN  c.i.app.SpringBootLoggerApplication - Message logged at WARN level
2017-07-27 08:50:34 [restartedMain] INFO  c.i.app.SpringBootLoggerApplication - Message logged at INFO level
2017-07-27 08:50:34 [restartedMain] DEBUG c.i.app.SpringBootLoggerApplication - Message logged at DEBUG level
